<?xml version="1.0" encoding="UTF-8"?>
<testng-results skipped="0" failed="0" ignored="0" total="1" passed="1">
  <reporter-output>
  </reporter-output>
  <suite name="Default suite" duration-ms="214088" started-at="2019-07-11T05:22:02Z" finished-at="2019-07-11T05:25:36Z">
    <groups>
    </groups>
    <test name="Default test" duration-ms="214088" started-at="2019-07-11T05:22:02Z" finished-at="2019-07-11T05:25:36Z">
      <class name="com.truven.advantagesuite.testcase.ReportCenterDescription">
        <test-method status="PASS" signature="setup()[pri:0, instance:com.truven.advantagesuite.testcase.ReportCenterDescription@7d9d1a19]" name="setup" is-config="true" duration-ms="50725" started-at="2019-07-11T05:22:02Z" finished-at="2019-07-11T05:22:53Z">
          <reporter-output>
          </reporter-output>
        </test-method> <!-- setup -->
        <test-method status="PASS" signature="SaveAndCompareDesc()[pri:0, instance:com.truven.advantagesuite.testcase.ReportCenterDescription@7d9d1a19]" name="SaveAndCompareDesc" duration-ms="161648" started-at="2019-07-11T05:22:53Z" finished-at="2019-07-11T05:25:35Z">
          <reporter-output>
          </reporter-output>
        </test-method> <!-- SaveAndCompareDesc -->
        <test-method status="PASS" signature="teardown()[pri:0, instance:com.truven.advantagesuite.testcase.ReportCenterDescription@7d9d1a19]" name="teardown" is-config="true" duration-ms="1667" started-at="2019-07-11T05:25:35Z" finished-at="2019-07-11T05:25:36Z">
          <reporter-output>
          </reporter-output>
        </test-method> <!-- teardown -->
      </class> <!-- com.truven.advantagesuite.testcase.ReportCenterDescription -->
    </test> <!-- Default test -->
  </suite> <!-- Default suite -->
</testng-results>
